* using log directory ‘/home/darstr/tmp/Repitools-git/pkg/Repitools.Rcheck’
* using R version 2.13.0 RC (2011-04-05 r55310)
* using platform: x86_64-unknown-linux-gnu (64-bit)
* using session charset: UTF-8
* checking for file ‘Repitools/DESCRIPTION’ ... OK
* this is package ‘Repitools’ version ‘1.87’
* checking package name space information ... OK
* checking package dependencies ... OK
* checking if this is a source package ... OK
* checking for executable files ... OK
* checking whether package ‘Repitools’ can be installed ... OK
* checking installed package size ... OK
* checking package directory ... OK
* checking for portable file names ... OK
* checking for sufficient/correct file permissions ... OK
* checking DESCRIPTION meta-information ... OK
* checking top-level files ... OK
* checking index information ... OK
* checking package subdirectories ... OK
* checking R files for non-ASCII characters ... OK
* checking R files for syntax errors ... OK
* checking whether the package can be loaded ... OK
* checking whether the package can be loaded with stated dependencies ... OK
* checking whether the package can be unloaded cleanly ... OK
* checking whether the name space can be loaded with stated dependencies ... OK
* checking whether the name space can be unloaded cleanly ... OK
* checking for unstated dependencies in R code ... OK
* checking S3 generic/method consistency ... OK
* checking replacement functions ... OK
* checking foreign function calls ... OK
* checking R code for possible problems ... OK
* checking Rd files ... OK
* checking Rd metadata ... OK
* checking Rd cross-references ... OK
* checking for missing documentation entries ... WARNING
Undocumented S4 classes:
  AffymetrixCdfFile AffymetrixCelSet
All user-level objects in a package (including S4 classes and methods)
should have documentation entries.
See the chapter 'Writing R documentation files' in manual 'Writing R
Extensions'.
* checking for code/documentation mismatches ... WARNING
Codoc mismatches from documentation object 'genQC':
\S4method{genQC}{character}
  Code: function(qc.data, expt)
  Docs: function(SequenceQCSet, expt)
  Argument names in code not in docs:
    qc.data
  Argument names in docs not in code:
    SequenceQCSet
  Mismatches in argument names:
    Position: 1 Code: qc.data Docs: SequenceQCSet

* checking Rd \usage sections ... WARNING
Undocumented arguments in documentation object 'genQC'
  SequenceQCSet

Functions with \usage entries need to have the appropriate \alias
entries, and all their arguments documented.
The \usage entries must correspond to syntactically valid R code.
See the chapter 'Writing R documentation files' in manual 'Writing R
Extensions'.
* checking Rd contents ... OK
* checking for unstated dependencies in examples ... OK
* checking contents of 'data' directory ... OK
* checking data for non-ASCII characters ... OK
* checking data for ASCII and uncompressed saves ... OK
* checking examples ... OK
* checking for unstated dependencies in tests ... OK
* checking tests ... OK
  Running ‘tests.R’
* checking PDF version of manual ... OK
WARNING: There were 3 warnings, see
  ‘/home/darstr/tmp/Repitools-git/pkg/Repitools.Rcheck/00check.log’
for details
